# JRE version: Java(TM) SE Runtime Environment (11.0.2+9) (build 11.0.2+9-LTS)
# Java VM: Java HotSpot(TM) 64-Bit Server VM (11.0.2+9-LTS, mixed mode, tiered, compressed oops, g1 gc, linux-amd64)
Heap:
 garbage-first heap   total 126976K, used 33792K [0x0000000084000000, 0x0000000100000000)
  region size 1024K, 21 young (21504K), 2 survivors (2048K)
 Metaspace       used 11598K, capacity 11821K, committed 12160K, reserved 1060864K
  class space    used 1051K, capacity 1106K, committed 1152K, reserved 1048576K
GC Heap History (8 events):
Event: 1.239 GC heap before
{Heap before GC invocations=0 (full 0):
 garbage-first heap   total 126976K, used 14336K [0x0000000084000000, 0x0000000100000000)
  region size 1024K, 14 young (14336K), 0 survivors (0K)
 Metaspace       used 11437K, capacity 11693K, committed 11904K, reserved 1060864K
  class space    used 1047K, capacity 1106K, committed 1152K, reserved 1048576K
}
Event: 1.257 GC heap after
{Heap after GC invocations=1 (full 0):
 garbage-first heap   total 126976K, used 2832K [0x0000000084000000, 0x0000000100000000)
  region size 1024K, 2 young (2048K), 2 survivors (2048K)
 Metaspace       used 11437K, capacity 11693K, committed 11904K, reserved 1060864K
  class space    used 1047K, capacity 1106K, committed 1152K, reserved 1048576K
}
Event: 1.328 GC heap before
{Heap before GC invocations=1 (full 0):
 garbage-first heap   total 126976K, used 13072K [0x0000000084000000, 0x0000000100000000)
  region size 1024K, 12 young (12288K), 2 survivors (2048K)
 Metaspace       used 11453K, capacity 11693K, committed 11904K, reserved 1060864K
  class space    used 1047K, capacity 1106K, committed 1152K, reserved 1048576K
}
Event: 1.343 GC heap after
{Heap after GC invocations=2 (full 0):
 garbage-first heap   total 126976K, used 5538K [0x0000000084000000, 0x0000000100000000)
  region size 1024K, 2 young (2048K), 2 survivors (2048K)
 Metaspace       used 11453K, capacity 11693K, committed 11904K, reserved 1060864K
  class space    used 1047K, capacity 1106K, committed 1152K, reserved 1048576K
}
Event: 1.488 GC heap before
{Heap before GC invocations=2 (full 0):
 garbage-first heap   total 126976K, used 30114K [0x0000000084000000, 0x0000000100000000)
  region size 1024K, 27 young (27648K), 2 survivors (2048K)
 Metaspace       used 11466K, capacity 11693K, committed 11904K, reserved 1060864K
  class space    used 1047K, capacity 1106K, committed 1152K, reserved 1048576K
}
Event: 1.524 GC heap after
{Heap after GC invocations=3 (full 0):
 garbage-first heap   total 126976K, used 12496K [0x0000000084000000, 0x0000000100000000)
  region size 1024K, 4 young (4096K), 4 survivors (4096K)
 Metaspace       used 11466K, capacity 11693K, committed 11904K, reserved 1060864K
  class space    used 1047K, capacity 1106K, committed 1152K, reserved 1048576K
}
Event: 1.576 GC heap before
{Heap before GC invocations=3 (full 0):
 garbage-first heap   total 126976K, used 21712K [0x0000000084000000, 0x0000000100000000)
  region size 1024K, 13 young (13312K), 4 survivors (4096K)
 Metaspace       used 11466K, capacity 11693K, committed 11904K, reserved 1060864K
  class space    used 1047K, capacity 1106K, committed 1152K, reserved 1048576K
}
Event: 1.612 GC heap after
{Heap after GC invocations=4 (full 0):
 garbage-first heap   total 126976K, used 15360K [0x0000000084000000, 0x0000000100000000)
  region size 1024K, 2 young (2048K), 2 survivors (2048K)
 Metaspace       used 11466K, capacity 11693K, committed 11904K, reserved 1060864K
  class space    used 1047K, capacity 1106K, committed 1152K, reserved 1048576K
}

